{
  "Cucumber Features": {
    "coverage": {
      "/Users/rsslldnphy/Code/care-home-search/config/environment.rb": [
        null,
        1,
        null,
        null,
        1
      ],
      "/Users/rsslldnphy/Code/care-home-search/config/application.rb": [
        1,
        null,
        null,
        null,
        1,
        1,
        1,
        1,
        null,
        null,
        null,
        1,
        null,
        1,
        1,
        1,
        null,
        null,
        null,
        null,
        1,
        null,
        null,
        null,
        null,
        null,
        null,
        null,
        null,
        1,
        null,
        null
      ],
      "/Users/rsslldnphy/Code/care-home-search/config/boot.rb": [
        null,
        1,
        null,
        1
      ],
      "/Users/rsslldnphy/Code/care-home-search/lib/id/form_builder.rb": [
        1,
        1,
        null,
        1,
        12,
        12,
        null,
        null,
        null,
        null
      ],
      "/Users/rsslldnphy/Code/care-home-search/config/environments/test.rb": [
        1,
        null,
        null,
        null,
        null,
        null,
        null,
        1,
        null,
        null,
        null,
        null,
        1,
        null,
        null,
        1,
        1,
        null,
        null,
        1,
        1,
        null,
        null,
        1,
        null,
        null,
        1,
        null,
        null,
        null,
        null,
        1,
        null,
        null,
        1,
        null
      ],
      "/Users/rsslldnphy/Code/care-home-search/config/initializers/backtrace_silencers.rb": [
        null,
        null,
        null,
        null,
        null,
        null,
        null
      ],
      "/Users/rsslldnphy/Code/care-home-search/config/initializers/filter_parameter_logging.rb": [
        null,
        null,
        null,
        1
      ],
      "/Users/rsslldnphy/Code/care-home-search/config/initializers/inflections.rb": [
        null,
        null,
        null,
        null,
        null,
        null,
        null,
        null,
        null,
        null,
        null,
        null,
        null,
        null,
        null,
        null
      ],
      "/Users/rsslldnphy/Code/care-home-search/config/initializers/mime_types.rb": [
        null,
        null,
        null,
        null,
        null
      ],
      "/Users/rsslldnphy/Code/care-home-search/config/initializers/secret_token.rb": [
        null,
        null,
        null,
        null,
        null,
        null,
        null,
        null,
        null,
        null,
        null,
        1
      ],
      "/Users/rsslldnphy/Code/care-home-search/config/initializers/session_store.rb": [
        null,
        null,
        1
      ],
      "/Users/rsslldnphy/Code/care-home-search/config/initializers/wrap_parameters.rb": [
        null,
        null,
        null,
        null,
        null,
        null,
        1,
        1,
        null
      ],
      "/Users/rsslldnphy/Code/care-home-search/config/routes.rb": [
        1,
        1,
        1,
        1,
        null
      ],
      "/Users/rsslldnphy/Code/care-home-search/app/controllers/searches_controller.rb": [
        1,
        1,
        6,
        null,
        null,
        1,
        5,
        null,
        null,
        1,
        5,
        null,
        null
      ],
      "/Users/rsslldnphy/Code/care-home-search/app/controllers/application_controller.rb": [
        1,
        null,
        null,
        1,
        null
      ],
      "/Users/rsslldnphy/Code/care-home-search/app/helpers/application_helper.rb": [
        1,
        null,
        1,
        25,
        null,
        null,
        null
      ],
      "/Users/rsslldnphy/Code/care-home-search/app/helpers/map_helper.rb": [
        1,
        null,
        1,
        4,
        null,
        null,
        1,
        11,
        null,
        null,
        null
      ],
      "/Users/rsslldnphy/Code/care-home-search/app/controllers/searches_controller/new.rb": [
        1,
        1,
        null,
        1,
        6,
        null,
        null,
        1,
        6,
        null,
        null,
        null,
        null
      ],
      "/Users/rsslldnphy/Code/care-home-search/app/models/search.rb": [
        1,
        1,
        1,
        1,
        null,
        1,
        null,
        1,
        null,
        1,
        6,
        null,
        null,
        1,
        8,
        null,
        null,
        1,
        12,
        null,
        null,
        1,
        18,
        null,
        null,
        1,
        5,
        null,
        null,
        null
      ],
      "/Users/rsslldnphy/Code/care-home-search/app/models/search/validations.rb": [
        1,
        1,
        1,
        null,
        null
      ],
      "/Users/rsslldnphy/Code/care-home-search/app/controllers/searches_controller/create.rb": [
        1,
        1,
        null,
        1,
        5,
        null,
        null,
        1,
        4,
        null,
        null,
        1,
        1,
        null,
        null,
        1,
        10,
        null,
        null,
        null,
        null
      ],
      "/Users/rsslldnphy/Code/care-home-search/app/controllers/searches_controller/show.rb": [
        1,
        1,
        null,
        1,
        5,
        null,
        1,
        1,
        null,
        null,
        1,
        12,
        null,
        null,
        1,
        5,
        null,
        null,
        null,
        null
      ],
      "/Users/rsslldnphy/Code/care-home-search/app/models/search/request.rb": [
        1,
        1,
        1,
        null,
        1,
        5,
        null,
        null,
        1,
        5,
        40,
        null,
        null,
        null,
        1,
        null,
        1,
        40,
        null,
        null,
        1,
        40,
        null,
        null,
        1,
        5,
        null,
        null,
        1,
        5,
        null,
        null,
        1,
        5,
        null,
        null,
        1,
        5,
        null,
        null,
        1,
        5,
        null,
        null,
        1,
        null,
        null
      ],
      "/Users/rsslldnphy/Code/care-home-search/app/models/api.rb": [
        1,
        null,
        1,
        91,
        null,
        null,
        1,
        46,
        45,
        null,
        null,
        null
      ],
      "/Users/rsslldnphy/Code/care-home-search/app/models/provider.rb": [
        1,
        1,
        null,
        1,
        1,
        1,
        1,
        1,
        1,
        1,
        1,
        1,
        null,
        1,
        1,
        null,
        1,
        41,
        null,
        null,
        1,
        51,
        null,
        null,
        1,
        51,
        null,
        null,
        null
      ],
      "/Users/rsslldnphy/Code/care-home-search/app/models/address.rb": [
        1,
        1,
        null,
        1,
        1,
        null
      ],
      "/Users/rsslldnphy/Code/care-home-search/app/models/contact.rb": [
        1,
        1,
        null,
        1,
        1,
        1,
        null
      ],
      "/Users/rsslldnphy/Code/care-home-search/app/models/provider/request.rb": [
        1,
        1,
        1,
        null,
        1,
        41,
        41,
        null,
        null,
        1,
        41,
        null,
        null,
        1,
        null,
        1,
        41,
        null,
        null,
        1,
        41,
        null,
        null,
        1,
        41,
        null,
        null,
        1,
        41,
        null,
        null,
        1,
        null,
        null
      ],
      "/Users/rsslldnphy/Code/care-home-search/app/presenters/list_map_toggle.rb": [
        1,
        null,
        1,
        4,
        4,
        4,
        null,
        null,
        1,
        4,
        4,
        null,
        null,
        null,
        1,
        4,
        4,
        null,
        null,
        null,
        1,
        4,
        4,
        null,
        null,
        null,
        1,
        4,
        null,
        null,
        1,
        12,
        null,
        null,
        1,
        null,
        1,
        null,
        1,
        null
      ],
      "/Users/rsslldnphy/Code/care-home-search/app/models/search/api_error.rb": [
        1,
        1,
        null,
        null
      ],
      "/Users/rsslldnphy/Code/care-home-search/app/presenters/map_marker.rb": [
        1,
        1,
        11,
        11,
        null,
        null,
        1,
        11,
        11,
        null,
        null,
        null,
        1,
        null,
        1,
        null,
        null,
        null,
        11,
        null,
        null,
        1,
        11,
        null,
        null,
        1,
        22,
        null,
        null,
        1,
        null,
        1,
        1,
        null
      ],
      "/Users/rsslldnphy/Code/care-home-search/app/controllers/providers_controller.rb": [
        1,
        1,
        1,
        null,
        null
      ],
      "/Users/rsslldnphy/Code/care-home-search/app/controllers/providers_controller/show.rb": [
        1,
        1,
        null,
        1,
        1,
        null,
        null,
        1,
        1,
        null,
        null,
        null,
        null
      ]
    },
    "timestamp": 1381830506
  },
  "RSpec": {
    "coverage": {
      "/Users/rsslldnphy/Code/care-home-search/app/models/address.rb": [
        1,
        1,
        null,
        1,
        1,
        null
      ],
      "/Users/rsslldnphy/Code/care-home-search/app/models/contact.rb": [
        1,
        1,
        null,
        1,
        1,
        1,
        null
      ],
      "/Users/rsslldnphy/Code/care-home-search/app/models/care_home.rb": [
        1,
        1,
        null,
        1,
        1,
        1,
        1,
        1,
        1,
        1,
        1,
        1,
        null,
        1,
        1,
        null,
        1,
        1,
        null,
        null,
        1,
        0,
        null,
        null,
        1,
        0,
        null,
        null,
        1,
        0,
        null,
        null,
        null
      ],
      "/Users/rsslldnphy/Code/care-home-search/app/models/search/validations.rb": [
        1,
        1,
        1,
        null,
        null
      ],
      "/Users/rsslldnphy/Code/care-home-search/app/models/search.rb": [
        1,
        1,
        1,
        1,
        null,
        1,
        null,
        1,
        null,
        1,
        0,
        null,
        null,
        1,
        0,
        null,
        null,
        1,
        0,
        null,
        null,
        1,
        0,
        null,
        null,
        1,
        0,
        null,
        null,
        null
      ]
    },
    "timestamp": 1381761951
  }
}
